INFO 2025-03-29 13:59:23,605 autoreload 16655 136816686147072 Watching for file changes with StatReloader
INFO 2025-03-29 18:03:37,608 autoreload 33476 127140269102592 Watching for file changes with StatReloader
INFO 2025-03-29 18:03:50,474 autoreload 33527 124877999117824 Watching for file changes with StatReloader
INFO 2025-03-29 18:05:19,468 basehttp 33527 124877933106880 "GET /home/ HTTP/1.1" 200 5088
INFO 2025-03-29 18:05:19,531 basehttp 33527 124877835065024 "GET /static/rest_framework/css/default.css HTTP/1.1" 200 1152
INFO 2025-03-29 18:05:19,534 basehttp 33527 124877843457728 "GET /static/rest_framework/css/prettify.css HTTP/1.1" 200 817
INFO 2025-03-29 18:05:19,536 basehttp 33527 124877851850432 "GET /static/rest_framework/css/bootstrap-tweaks.css HTTP/1.1" 200 3426
INFO 2025-03-29 18:05:19,538 basehttp 33527 124877818279616 "GET /static/rest_framework/js/ajax-form.js HTTP/1.1" 200 3796
INFO 2025-03-29 18:05:19,538 basehttp 33527 124877835065024 "GET /static/rest_framework/js/csrf.js HTTP/1.1" 200 1793
INFO 2025-03-29 18:05:19,541 basehttp 33527 124877843457728 "GET /static/rest_framework/js/prettify-min.js HTTP/1.1" 200 13632
INFO 2025-03-29 18:05:19,542 basehttp 33527 124877818279616 "GET /static/rest_framework/js/default.js HTTP/1.1" 200 1268
INFO 2025-03-29 18:05:19,543 basehttp 33527 124877851850432 "GET /static/rest_framework/js/bootstrap.min.js HTTP/1.1" 200 39680
INFO 2025-03-29 18:05:19,545 basehttp 33527 124877933106880 "GET /static/rest_framework/css/bootstrap.min.css HTTP/1.1" 200 121457
INFO 2025-03-29 18:05:19,545 basehttp 33527 124877826672320 "GET /static/rest_framework/js/jquery-3.7.1.min.js HTTP/1.1" 200 87533
INFO 2025-03-29 18:05:19,547 basehttp 33527 124877826672320 "GET /static/rest_framework/js/load-ajax-form.js HTTP/1.1" 200 59
INFO 2025-03-29 18:05:19,642 basehttp 33527 124877826672320 "GET /static/rest_framework/img/grid.png HTTP/1.1" 200 1458
INFO 2025-03-29 18:07:52,955 autoreload 33527 124877999117824 /home/caoruchen/Desktop/lfcity/lfcityapi/lfcityapi/apps/home/views.py changed, reloading.
INFO 2025-03-29 18:07:53,317 autoreload 34195 136075561580032 Watching for file changes with StatReloader
ERROR 2025-03-29 18:07:56,375 log 34195 136075495597760 Internal Server Error: /home/
Traceback (most recent call last):
  File "/home/caoruchen/anaconda3/envs/lfcity/lib/python3.8/site-packages/django/core/handlers/exception.py", line 55, in inner
    response = get_response(request)
  File "/home/caoruchen/anaconda3/envs/lfcity/lib/python3.8/site-packages/django/core/handlers/base.py", line 197, in _get_response
    response = wrapped_callback(request, *callback_args, **callback_kwargs)
  File "/home/caoruchen/anaconda3/envs/lfcity/lib/python3.8/site-packages/django/views/decorators/csrf.py", line 56, in wrapper_view
    return view_func(*args, **kwargs)
  File "/home/caoruchen/anaconda3/envs/lfcity/lib/python3.8/site-packages/django/views/generic/base.py", line 104, in view
    return self.dispatch(request, *args, **kwargs)
  File "/home/caoruchen/anaconda3/envs/lfcity/lib/python3.8/site-packages/rest_framework/views.py", line 509, in dispatch
    response = self.handle_exception(exc)
  File "/home/caoruchen/anaconda3/envs/lfcity/lib/python3.8/site-packages/rest_framework/views.py", line 469, in handle_exception
    self.raise_uncaught_exception(exc)
  File "/home/caoruchen/anaconda3/envs/lfcity/lib/python3.8/site-packages/rest_framework/views.py", line 480, in raise_uncaught_exception
    raise exc
  File "/home/caoruchen/anaconda3/envs/lfcity/lib/python3.8/site-packages/rest_framework/views.py", line 506, in dispatch
    response = handler(request, *args, **kwargs)
  File "/home/caoruchen/Desktop/lfcity/lfcityapi/lfcityapi/apps/home/views.py", line 11, in get
    redis.lpush('home', [0, 1, 2, 3, 4])
  File "/home/caoruchen/anaconda3/envs/lfcity/lib/python3.8/site-packages/redis/commands/core.py", line 2728, in lpush
    return self.execute_command("LPUSH", name, *values)
  File "/home/caoruchen/anaconda3/envs/lfcity/lib/python3.8/site-packages/redis/client.py", line 559, in execute_command
    return self._execute_command(*args, **options)
  File "/home/caoruchen/anaconda3/envs/lfcity/lib/python3.8/site-packages/redis/client.py", line 567, in _execute_command
    return conn.retry.call_with_retry(
  File "/home/caoruchen/anaconda3/envs/lfcity/lib/python3.8/site-packages/redis/retry.py", line 62, in call_with_retry
    return do()
  File "/home/caoruchen/anaconda3/envs/lfcity/lib/python3.8/site-packages/redis/client.py", line 568, in <lambda>
    lambda: self._send_command_parse_response(
  File "/home/caoruchen/anaconda3/envs/lfcity/lib/python3.8/site-packages/redis/client.py", line 541, in _send_command_parse_response
    conn.send_command(*args, **options)
  File "/home/caoruchen/anaconda3/envs/lfcity/lib/python3.8/site-packages/redis/connection.py", line 557, in send_command
    self._command_packer.pack(*args),
  File "/home/caoruchen/anaconda3/envs/lfcity/lib/python3.8/site-packages/redis/connection.py", line 107, in pack
    for arg in map(self.encode, args):
  File "/home/caoruchen/anaconda3/envs/lfcity/lib/python3.8/site-packages/redis/_parsers/encoders.py", line 29, in encode
    raise DataError(
redis.exceptions.DataError: Invalid input of type: 'list'. Convert to a bytes, string, int or float first.
ERROR 2025-03-29 18:07:56,378 basehttp 34195 136075495597760 "GET /home/ HTTP/1.1" 500 135843
INFO 2025-03-29 18:08:22,015 autoreload 34195 136075561580032 /home/caoruchen/Desktop/lfcity/lfcityapi/lfcityapi/apps/home/views.py changed, reloading.
INFO 2025-03-29 18:08:22,345 autoreload 34302 137572376188416 Watching for file changes with StatReloader
INFO 2025-03-29 18:08:24,669 basehttp 34302 137572310308544 "GET /home/ HTTP/1.1" 200 5108
INFO 2025-03-29 18:10:47,558 autoreload 34302 137572376188416 /home/caoruchen/Desktop/lfcity/lfcityapi/lfcityapi/apps/home/views.py changed, reloading.
INFO 2025-03-29 18:10:47,880 autoreload 34719 132498734872064 Watching for file changes with StatReloader
INFO 2025-03-29 18:10:51,830 basehttp 34719 132498600228544 "GET /home/ HTTP/1.1" 200 5278
INFO 2025-03-29 18:11:33,772 autoreload 34719 132498734872064 /home/caoruchen/Desktop/lfcity/lfcityapi/lfcityapi/apps/home/views.py changed, reloading.
INFO 2025-03-29 18:11:34,120 autoreload 34828 135796216608256 Watching for file changes with StatReloader
INFO 2025-03-29 18:11:35,823 basehttp 34828 135796150757056 "GET /home/ HTTP/1.1" 200 5298
INFO 2025-03-29 18:11:47,594 autoreload 34828 135796216608256 /home/caoruchen/Desktop/lfcity/lfcityapi/lfcityapi/apps/home/views.py changed, reloading.
INFO 2025-03-29 18:11:47,938 autoreload 34878 129237047703040 Watching for file changes with StatReloader
INFO 2025-03-29 18:11:49,359 basehttp 34878 129236908111552 "GET /home/ HTTP/1.1" 200 5298
INFO 2025-03-29 18:12:00,390 basehttp 34878 129236908111552 "GET /home/ HTTP/1.1" 200 5088
INFO 2025-03-30 06:13:52,983 autoreload 19395 132005308540416 Watching for file changes with StatReloader
INFO 2025-03-30 06:14:01,712 basehttp 19395 132005242328768 "GET /home/ HTTP/1.1" 200 41
INFO 2025-03-30 06:14:48,653 basehttp 19395 132005242328768 "GET /home/ HTTP/1.1" 200 81
INFO 2025-03-30 06:14:51,552 basehttp 19395 132005242328768 "GET /home/ HTTP/1.1" 200 85
INFO 2025-03-30 06:17:55,843 basehttp 19395 132005242328768 "GET /home/ HTTP/1.1" 200 85
INFO 2025-03-30 06:17:59,856 basehttp 19395 132005242328768 "GET /home/ HTTP/1.1" 200 85
INFO 2025-03-30 06:20:51,761 autoreload 19395 132005308540416 /home/caoruchen/Desktop/lfcity/lfcityapi/lfcityapi/settings/dev.py changed, reloading.
INFO 2025-03-30 06:20:52,113 autoreload 19964 135182334486016 Watching for file changes with StatReloader
INFO 2025-03-30 06:20:55,415 basehttp 19964 135182268487360 "GET /home/ HTTP/1.1" 200 85
INFO 2025-03-30 06:30:33,173 basehttp 19964 135182268487360 "GET /home/ HTTP/1.1" 200 85
INFO 2025-03-30 06:30:34,024 autoreload 19964 135182334486016 /home/caoruchen/Desktop/lfcity/lfcityapi/lfcityapi/settings/dev.py changed, reloading.
INFO 2025-03-30 06:30:34,357 autoreload 20384 132126043321856 Watching for file changes with StatReloader
INFO 2025-03-30 06:30:37,708 basehttp 20384 132125977470656 "GET /home/ HTTP/1.1" 200 85
INFO 2025-03-30 07:10:32,875 autoreload 20384 132126043321856 /home/caoruchen/Desktop/lfcity/lfcityapi/lfcityapi/settings/dev.py changed, reloading.
INFO 2025-03-30 07:10:33,341 autoreload 23967 128246120150528 Watching for file changes with StatReloader
INFO 2025-03-30 07:14:19,504 autoreload 23967 128246120150528 /home/caoruchen/Desktop/lfcity/lfcityapi/lfcityapi/apps/home/models.py changed, reloading.
INFO 2025-03-30 07:14:19,942 autoreload 25146 132114856871424 Watching for file changes with StatReloader
INFO 2025-03-30 07:17:31,746 autoreload 25146 132114856871424 /home/caoruchen/Desktop/lfcity/lfcityapi/lfcityapi/apps/home/models.py changed, reloading.
INFO 2025-03-30 07:17:32,186 autoreload 26359 136718298002944 Watching for file changes with StatReloader
INFO 2025-03-30 07:21:57,936 autoreload 26359 136718298002944 /home/caoruchen/Desktop/lfcity/lfcityapi/lfcityapi/apps/home/models.py changed, reloading.
INFO 2025-03-30 07:21:58,304 autoreload 26574 136303208384000 Watching for file changes with StatReloader
INFO 2025-03-30 07:31:37,993 autoreload 26574 136303208384000 /home/caoruchen/Desktop/lfcity/lfcityapi/lfcityapi/apps/home/models.py changed, reloading.
INFO 2025-03-30 07:31:38,388 autoreload 30072 125153600759296 Watching for file changes with StatReloader
INFO 2025-03-30 07:31:53,623 autoreload 30072 125153600759296 /home/caoruchen/Desktop/lfcity/lfcityapi/lfcityapi/apps/home/models.py changed, reloading.
INFO 2025-03-30 07:31:53,932 autoreload 30165 124749429368320 Watching for file changes with StatReloader
INFO 2025-03-30 08:02:31,441 autoreload 30165 124749429368320 /home/caoruchen/Desktop/lfcity/lfcityapi/lfcityapi/apps/home/views.py changed, reloading.
INFO 2025-03-30 08:02:31,830 autoreload 34356 132243795740160 Watching for file changes with StatReloader
INFO 2025-03-30 08:03:04,606 basehttp 34356 132243729405632 "GET /home/header/ HTTP/1.1" 200 214
INFO 2025-03-30 08:03:15,364 basehttp 34356 132243729405632 "GET /home/footer/ HTTP/1.1" 200 441
INFO 2025-03-30 08:10:34,524 basehttp 34356 132243653129920 "GET /home/ HTTP/1.1" 200 85
INFO 2025-03-30 08:11:43,119 basehttp 34356 132243644475072 "GET /home/footer/ HTTP/1.1" 200 441
INFO 2025-03-30 08:11:43,120 basehttp 34356 132243653129920 "GET /home/header/ HTTP/1.1" 200 214
INFO 2025-03-30 08:12:55,842 basehttp 34356 132243653129920 "GET /home/footer/ HTTP/1.1" 200 441
INFO 2025-03-30 08:12:55,845 basehttp 34356 132243644475072 "GET /home/header/ HTTP/1.1" 200 214
INFO 2025-03-30 08:22:35,367 autoreload 34356 132243795740160 /home/caoruchen/Desktop/lfcity/lfcityapi/lfcityapi/settings/dev.py changed, reloading.
INFO 2025-03-30 08:22:36,436 autoreload 35921 124498769806848 Watching for file changes with StatReloader
INFO 2025-03-30 08:23:51,656 autoreload 35921 124498769806848 /home/caoruchen/Desktop/lfcity/lfcityapi/lfcityapi/settings/dev.py changed, reloading.
INFO 2025-03-30 08:23:52,029 autoreload 36162 124070938727936 Watching for file changes with StatReloader
INFO 2025-03-30 08:25:05,214 autoreload 36162 124070938727936 /home/caoruchen/Desktop/lfcity/lfcityapi/lfcityapi/settings/dev.py changed, reloading.
INFO 2025-03-30 08:25:05,594 autoreload 36272 128634768651776 Watching for file changes with StatReloader
INFO 2025-03-30 08:27:56,036 autoreload 36272 128634768651776 /home/caoruchen/Desktop/lfcity/lfcityapi/lfcityapi/settings/dev.py changed, reloading.
INFO 2025-03-30 08:27:56,408 autoreload 36520 138972838348288 Watching for file changes with StatReloader
INFO 2025-03-30 08:29:20,723 autoreload 36520 138972838348288 /home/caoruchen/Desktop/lfcity/lfcityapi/lfcityapi/urls.py changed, reloading.
INFO 2025-03-30 08:29:21,073 autoreload 36760 123593112729088 Watching for file changes with StatReloader
INFO 2025-03-30 08:30:42,269 autoreload 36760 123593112729088 /home/caoruchen/Desktop/lfcity/lfcityapi/lfcityapi/urls.py changed, reloading.
INFO 2025-03-30 08:30:42,591 autoreload 37124 135837113894400 Watching for file changes with StatReloader
INFO 2025-03-30 08:31:06,128 autoreload 37124 135837113894400 /home/caoruchen/Desktop/lfcity/lfcityapi/lfcityapi/urls.py changed, reloading.
INFO 2025-03-30 08:31:06,483 autoreload 37158 132171897603584 Watching for file changes with StatReloader
INFO 2025-03-30 09:12:02,691 autoreload 37158 132171897603584 /home/caoruchen/Desktop/lfcity/lfcityapi/lfcityapi/urls.py changed, reloading.
INFO 2025-03-30 09:12:03,111 autoreload 39200 131298112767488 Watching for file changes with StatReloader
INFO 2025-03-30 09:16:26,692 autoreload 39200 131298112767488 /home/caoruchen/Desktop/lfcity/lfcityapi/lfcityapi/apps/home/models.py changed, reloading.
INFO 2025-03-30 09:16:27,081 autoreload 40119 128904027727360 Watching for file changes with StatReloader
INFO 2025-03-30 09:21:34,167 autoreload 40862 131706493621760 Watching for file changes with StatReloader
INFO 2025-03-30 09:21:50,917 autoreload 40947 136299261801984 Watching for file changes with StatReloader
WARNING 2025-03-30 09:24:09,860 log 40947 136299109414592 Not Found: /uploads/banner/2025/2.jpg
WARNING 2025-03-30 09:24:09,862 log 40947 136299084236480 Not Found: /uploads/banner/2025/5.jpg
WARNING 2025-03-30 09:24:09,865 log 40947 136299101021888 Not Found: /uploads/banner/2025/3.jpg
WARNING 2025-03-30 09:24:09,870 basehttp 40947 136299109414592 "GET /uploads/banner/2025/2.jpg HTTP/1.1" 404 2511
WARNING 2025-03-30 09:24:09,871 log 40947 136299092629184 Not Found: /uploads/banner/2025/4.jpg
WARNING 2025-03-30 09:24:09,874 basehttp 40947 136299084236480 "GET /uploads/banner/2025/5.jpg HTTP/1.1" 404 2511
WARNING 2025-03-30 09:24:09,875 basehttp 40947 136299101021888 "GET /uploads/banner/2025/3.jpg HTTP/1.1" 404 2511
WARNING 2025-03-30 09:24:09,876 log 40947 136299189106368 Not Found: /uploads/banner/2025/1.jpg
WARNING 2025-03-30 09:24:09,876 basehttp 40947 136299092629184 "GET /uploads/banner/2025/4.jpg HTTP/1.1" 404 2511
WARNING 2025-03-30 09:24:09,878 basehttp 40947 136299189106368 "GET /uploads/banner/2025/1.jpg HTTP/1.1" 404 2511
INFO 2025-03-30 09:24:09,903 basehttp 40947 136299067451072 "GET /home/footer/ HTTP/1.1" 200 441
INFO 2025-03-30 09:24:09,903 basehttp 40947 136299075843776 "GET /home/header/ HTTP/1.1" 200 214
WARNING 2025-03-30 09:24:11,279 log 40947 136299084236480 Not Found: /uploads/banner/2025/2.jpg
WARNING 2025-03-30 09:24:11,284 basehttp 40947 136299084236480 "GET /uploads/banner/2025/2.jpg HTTP/1.1" 404 2511
WARNING 2025-03-30 09:24:11,286 log 40947 136299189106368 Not Found: /uploads/banner/2025/5.jpg
WARNING 2025-03-30 09:24:11,290 basehttp 40947 136299189106368 "GET /uploads/banner/2025/5.jpg HTTP/1.1" 404 2511
WARNING 2025-03-30 09:24:11,293 log 40947 136299101021888 Not Found: /uploads/banner/2025/3.jpg
WARNING 2025-03-30 09:24:11,294 basehttp 40947 136299101021888 "GET /uploads/banner/2025/3.jpg HTTP/1.1" 404 2511
WARNING 2025-03-30 09:24:11,297 log 40947 136299092629184 Not Found: /uploads/banner/2025/4.jpg
WARNING 2025-03-30 09:24:11,297 basehttp 40947 136299092629184 "GET /uploads/banner/2025/4.jpg HTTP/1.1" 404 2511
WARNING 2025-03-30 09:24:11,302 log 40947 136299109414592 Not Found: /uploads/banner/2025/1.jpg
WARNING 2025-03-30 09:24:11,302 basehttp 40947 136299109414592 "GET /uploads/banner/2025/1.jpg HTTP/1.1" 404 2511
INFO 2025-03-30 09:24:11,304 basehttp 40947 136299075843776 "GET /home/footer/ HTTP/1.1" 200 441
INFO 2025-03-30 09:24:11,306 basehttp 40947 136299067451072 "GET /home/header/ HTTP/1.1" 200 214
WARNING 2025-03-30 09:24:53,449 log 40947 136299189106368 Not Found: /uploads/banner/2025/2.jpg
WARNING 2025-03-30 09:24:53,464 log 40947 136299084236480 Not Found: /uploads/banner/2025/1.jpg
WARNING 2025-03-30 09:24:53,471 basehttp 40947 136299084236480 "GET /uploads/banner/2025/1.jpg HTTP/1.1" 404 2511
WARNING 2025-03-30 09:24:53,472 basehttp 40947 136299189106368 "GET /uploads/banner/2025/2.jpg HTTP/1.1" 404 2511
WARNING 2025-03-30 09:24:53,473 log 40947 136299101021888 Not Found: /uploads/banner/2025/3.jpg
WARNING 2025-03-30 09:24:53,476 basehttp 40947 136299101021888 "GET /uploads/banner/2025/3.jpg HTTP/1.1" 404 2511
WARNING 2025-03-30 09:24:53,476 log 40947 136299092629184 Not Found: /uploads/banner/2025/4.jpg
WARNING 2025-03-30 09:24:53,479 log 40947 136299109414592 Not Found: /uploads/banner/2025/5.jpg
WARNING 2025-03-30 09:24:53,479 basehttp 40947 136299092629184 "GET /uploads/banner/2025/4.jpg HTTP/1.1" 404 2511
WARNING 2025-03-30 09:24:53,482 basehttp 40947 136299109414592 "GET /uploads/banner/2025/5.jpg HTTP/1.1" 404 2511
INFO 2025-03-30 09:24:53,484 basehttp 40947 136299075843776 "GET /home/header/ HTTP/1.1" 200 214
INFO 2025-03-30 09:24:53,484 basehttp 40947 136299067451072 "GET /home/footer/ HTTP/1.1" 200 441
INFO 2025-03-30 09:25:20,163 autoreload 41238 138387815462400 Watching for file changes with StatReloader
WARNING 2025-03-30 09:25:22,884 log 41238 138387663087296 Not Found: /uploads/banner/2025/2.jpg
WARNING 2025-03-30 09:25:22,887 log 41238 138387654694592 Not Found: /uploads/banner/2025/3.jpg
WARNING 2025-03-30 09:25:22,888 log 41238 138387646301888 Not Found: /uploads/banner/2025/4.jpg
WARNING 2025-03-30 09:25:22,891 basehttp 41238 138387663087296 "GET /uploads/banner/2025/2.jpg HTTP/1.1" 404 2511
WARNING 2025-03-30 09:25:22,893 log 41238 138387671480000 Not Found: /uploads/banner/2025/1.jpg
WARNING 2025-03-30 09:25:22,893 basehttp 41238 138387654694592 "GET /uploads/banner/2025/3.jpg HTTP/1.1" 404 2511
WARNING 2025-03-30 09:25:22,896 log 41238 138387637909184 Not Found: /uploads/banner/2025/5.jpg
WARNING 2025-03-30 09:25:22,896 basehttp 41238 138387646301888 "GET /uploads/banner/2025/4.jpg HTTP/1.1" 404 2511
WARNING 2025-03-30 09:25:22,898 basehttp 41238 138387671480000 "GET /uploads/banner/2025/1.jpg HTTP/1.1" 404 2511
WARNING 2025-03-30 09:25:22,899 basehttp 41238 138387637909184 "GET /uploads/banner/2025/5.jpg HTTP/1.1" 404 2511
INFO 2025-03-30 09:25:22,904 basehttp 41238 138387621123776 "GET /home/footer/ HTTP/1.1" 200 441
INFO 2025-03-30 09:25:22,908 basehttp 41238 138387629516480 "GET /home/header/ HTTP/1.1" 200 214
WARNING 2025-03-30 09:31:19,553 log 41238 138387671480000 Not Found: /uploads/banner/2025/1.jpg
WARNING 2025-03-30 09:31:19,554 basehttp 41238 138387671480000 "GET /uploads/banner/2025/1.jpg HTTP/1.1" 404 2511
INFO 2025-03-30 09:34:20,849 basehttp 41238 138387629516480 "GET /uploads/banner/2025/2.jpg HTTP/1.1" 200 176325
INFO 2025-03-30 09:34:20,855 basehttp 41238 138387671480000 "GET /uploads/banner/2025/1.jpg HTTP/1.1" 200 171972
INFO 2025-03-30 09:34:20,864 basehttp 41238 138387621123776 "GET /home/footer/ HTTP/1.1" 200 441
INFO 2025-03-30 09:34:20,866 basehttp 41238 138387637909184 "GET /home/header/ HTTP/1.1" 200 214
INFO 2025-03-30 09:34:20,868 basehttp 41238 138387663087296 "GET /uploads/banner/2025/5.jpg HTTP/1.1" 200 158646
INFO 2025-03-30 09:34:20,871 basehttp 41238 138387646301888 "GET /uploads/banner/2025/3.jpg HTTP/1.1" 200 443034
INFO 2025-03-30 09:34:20,875 basehttp 41238 138387654694592 "GET /uploads/banner/2025/4.jpg HTTP/1.1" 200 1312893
INFO 2025-03-30 09:35:36,574 autoreload 41238 138387815462400 /home/caoruchen/Desktop/lfcity/lfcityapi/lfcityapi/apps/home/models.py changed, reloading.
INFO 2025-03-30 09:35:37,004 autoreload 41917 139705621362176 Watching for file changes with StatReloader
INFO 2025-03-30 09:40:29,035 autoreload 41917 139705621362176 /home/caoruchen/Desktop/lfcity/lfcityapi/lfcityapi/apps/home/serializers.py changed, reloading.
INFO 2025-03-30 09:40:29,411 autoreload 42704 139621176993280 Watching for file changes with StatReloader
INFO 2025-03-30 09:41:46,711 autoreload 42704 139621176993280 /home/caoruchen/Desktop/lfcity/lfcityapi/lfcityapi/apps/home/views.py changed, reloading.
INFO 2025-03-30 09:41:47,132 autoreload 43226 130425856603648 Watching for file changes with StatReloader
INFO 2025-03-30 09:41:57,574 basehttp 43226 130425783842496 "GET /home/banner/ HTTP/1.1" 200 491
INFO 2025-03-30 09:45:32,943 basehttp 43226 130425774925504 "GET /home/footer/ HTTP/1.1" 200 441
INFO 2025-03-30 09:45:32,993 basehttp 43226 130425774925504 "GET /home/header/ HTTP/1.1" 200 214
INFO 2025-03-30 09:45:38,639 basehttp 43226 130425774925504 "GET /home/header/ HTTP/1.1" 200 214
INFO 2025-03-30 09:45:38,643 basehttp 43226 130425766532800 "GET /home/footer/ HTTP/1.1" 200 441
INFO 2025-03-30 09:46:26,096 basehttp 43226 130425774925504 "GET /home/header/ HTTP/1.1" 200 214
INFO 2025-03-30 09:46:26,098 basehttp 43226 130425766532800 "GET /home/footer/ HTTP/1.1" 200 441
INFO 2025-03-30 09:47:35,575 basehttp 43226 130425774925504 "GET /home/header/ HTTP/1.1" 200 214
INFO 2025-03-30 09:47:35,578 basehttp 43226 130425766532800 "GET /home/footer/ HTTP/1.1" 200 386
INFO 2025-03-30 09:56:49,587 basehttp 43226 130425766532800 "GET /home/banner/ HTTP/1.1" 200 476
INFO 2025-03-30 09:56:51,783 basehttp 43226 130425766532800 "GET /home/header/ HTTP/1.1" 200 214
INFO 2025-03-30 09:56:51,787 basehttp 43226 130425774925504 "GET /home/banner/ HTTP/1.1" 200 476
INFO 2025-03-30 09:56:51,793 basehttp 43226 130425758140096 "GET /home/footer/ HTTP/1.1" 200 386
INFO 2025-03-30 09:58:20,541 basehttp 43226 130425766532800 "GET /home/banner/ HTTP/1.1" 200 476
